Determining if the pthread_create exist failed with the following output:
Change Dir: /home/hahoang/object_detection/realsense_object/build/CMakeFiles/CMakeTmp

Run Build Command:"/usr/bin/make" "cmTC_e6fa9/fast"
/usr/bin/make -f CMakeFiles/cmTC_e6fa9.dir/build.make CMakeFiles/cmTC_e6fa9.dir/build
make[1]: Entering directory `/home/hahoang/object_detection/realsense_object/build/CMakeFiles/CMakeTmp'
Building C object CMakeFiles/cmTC_e6fa9.dir/CheckSymbolExists.c.o
/usr/bin/cc    -o CMakeFiles/cmTC_e6fa9.dir/CheckSymbolExists.c.o   -c /home/hahoang/object_detection/realsense_object/build/CMakeFiles/CMakeTmp/CheckSymbolExists.c
Linking C executable cmTC_e6fa9
/usr/local/bin/cmake -E cmake_link_script CMakeFiles/cmTC_e6fa9.dir/link.txt --verbose=1
/usr/bin/cc      -rdynamic CMakeFiles/cmTC_e6fa9.dir/CheckSymbolExists.c.o  -o cmTC_e6fa9 
CMakeFiles/cmTC_e6fa9.dir/CheckSymbolExists.c.o: In function `main':
CheckSymbolExists.c:(.text+0xa): undefined reference to `pthread_create'
collect2: error: ld returned 1 exit status
make[1]: *** [cmTC_e6fa9] Error 1
make[1]: Leaving directory `/home/hahoang/object_detection/realsense_object/build/CMakeFiles/CMakeTmp'
make: *** [cmTC_e6fa9/fast] Error 2

File /home/hahoang/object_detection/realsense_object/build/CMakeFiles/CMakeTmp/CheckSymbolExists.c:
/* */
#include <pthread.h>

int main(int argc, char** argv)
{
  (void)argv;
#ifndef pthread_create
  return ((int*)(&pthread_create))[argc];
#else
  (void)argc;
  return 0;
#endif
}

Determining if the function pthread_create exists in the pthreads failed with the following output:
Change Dir: /home/hahoang/object_detection/realsense_object/build/CMakeFiles/CMakeTmp

Run Build Command:"/usr/bin/make" "cmTC_79b98/fast"
/usr/bin/make -f CMakeFiles/cmTC_79b98.dir/build.make CMakeFiles/cmTC_79b98.dir/build
make[1]: Entering directory `/home/hahoang/object_detection/realsense_object/build/CMakeFiles/CMakeTmp'
Building C object CMakeFiles/cmTC_79b98.dir/CheckFunctionExists.c.o
/usr/bin/cc   -DCHECK_FUNCTION_EXISTS=pthread_create   -o CMakeFiles/cmTC_79b98.dir/CheckFunctionExists.c.o   -c /usr/local/share/cmake-3.9/Modules/CheckFunctionExists.c
Linking C executable cmTC_79b98
/usr/local/bin/cmake -E cmake_link_script CMakeFiles/cmTC_79b98.dir/link.txt --verbose=1
/usr/bin/cc  -DCHECK_FUNCTION_EXISTS=pthread_create    -rdynamic CMakeFiles/cmTC_79b98.dir/CheckFunctionExists.c.o  -o cmTC_79b98 -lpthreads 
/usr/bin/ld: cannot find -lpthreads
collect2: error: ld returned 1 exit status
make[1]: *** [cmTC_79b98] Error 1
make[1]: Leaving directory `/home/hahoang/object_detection/realsense_object/build/CMakeFiles/CMakeTmp'
make: *** [cmTC_79b98/fast] Error 2


